<?xml version="1.0" encoding="UTF-8"?>
<!-- Generated by org.testng.reporters.JUnitReportReporter -->
<testsuite hostname="HDD11008" name="com.pack.test.Verifylogin" tests="1" failures="0" timestamp="16 Aug 2016 05:04:59 GMT" time="8.909" errors="0">
  <testcase name="validlogin" time="8.909" classname="com.pack.test.Verifylogin"/>
</testsuite> <!-- com.pack.test.Verifylogin -->
